<<<<<<< HEAD
Copyright 1986-2020 Xilinx, Inc. All Rights Reserved.
---------------------------------------------------------------------------------------------------------------------------------------------
| Tool Version : Vivado v.2020.1 (win64) Build 2902540 Wed May 27 19:54:49 MDT 2020
| Date         : Thu Mar  3 12:25:32 2022
| Host         : PC-626 running 64-bit major release  (build 9200)
| Command      : report_bus_skew -warn_on_violation -file Top1_bus_skew_routed.rpt -pb Top1_bus_skew_routed.pb -rpx Top1_bus_skew_routed.rpx
| Design       : Top1
| Device       : 7a50ti-csg324
| Speed File   : -1L  PRODUCTION 1.23 2018-06-13
---------------------------------------------------------------------------------------------------------------------------------------------

Bus Skew Report

No bus skew constraints

=======
Copyright 1986-2020 Xilinx, Inc. All Rights Reserved.
---------------------------------------------------------------------------------------------------------------------------------------------
| Tool Version : Vivado v.2020.1 (win64) Build 2902540 Wed May 27 19:54:49 MDT 2020
| Date         : Thu Mar  3 12:25:32 2022
| Host         : PC-626 running 64-bit major release  (build 9200)
| Command      : report_bus_skew -warn_on_violation -file Top1_bus_skew_routed.rpt -pb Top1_bus_skew_routed.pb -rpx Top1_bus_skew_routed.rpx
| Design       : Top1
| Device       : 7a50ti-csg324
| Speed File   : -1L  PRODUCTION 1.23 2018-06-13
---------------------------------------------------------------------------------------------------------------------------------------------

Bus Skew Report

No bus skew constraints

>>>>>>> c17b8d332056b76699cee9e89a02abf2d73a1711
